<?xml version="1.0" encoding="UTF-8"?>
<!-- Generated by org.testng.reporters.JUnitReportReporter -->
<testsuite hostname="NavyaN2" failures="0" tests="1" name="com.mq.testcases.LoginTestCase" time="3.449" errors="0" timestamp="2021-09-15T12:04:08 IST" skipped="0">
  <testcase classname="com.mq.testcases.LoginTestCase" name="loginTest" time="3.449"/>
  <system-out/>
</testsuite> <!-- com.mq.testcases.LoginTestCase -->
