<?xml version="1.0" encoding="UTF-8"?>
<!-- Generated by org.testng.reporters.JUnitReportReporter -->
<testsuite hostname="NavyaN2" failures="0" tests="1" name="BasicPom" time="0.011" errors="0" timestamp="2021-07-30T18:49:00 IST" skipped="0">
  <testcase classname="BasicPom" name="method1" time="0.011"/>
  <system-out/>
</testsuite> <!-- BasicPom -->
