<?xml version="1.0" encoding="UTF-8"?>
<!-- Generated by org.testng.reporters.JUnitReportReporter -->
<testsuite hostname="NavyaN2" failures="0" tests="1" name="com.mq.testcases.CustomerRegistration" time="15.332" errors="0" timestamp="2021-09-21T19:22:53 IST" skipped="0">
  <testcase classname="com.mq.testcases.CustomerRegistration" name="CustReg" time="15.332"/>
  <system-out/>
</testsuite> <!-- com.mq.testcases.CustomerRegistration -->
