<?xml version="1.0" encoding="UTF-8"?>
<!-- Generated by org.testng.reporters.JUnitReportReporter -->
<testsuite hostname="NavyaN2" failures="0" tests="1" name="com.mq.testcases.ServiceOrderTC" time="236.308" errors="0" timestamp="2021-10-29T17:43:28 IST" skipped="0">
  <testcase classname="com.mq.testcases.ServiceOrderTC" name="order" time="236.308"/>
  <system-out/>
</testsuite> <!-- com.mq.testcases.ServiceOrderTC -->
