<?xml version="1.0" encoding="UTF-8"?>
<!-- Generated by org.testng.reporters.JUnitReportReporter -->
<testsuite hostname="NavyaN2" failures="0" tests="1" name="com.mq.testcases.ServiceOrderTC" time="233.326" errors="0" timestamp="2021-10-29T16:45:11 IST" skipped="0">
  <testcase classname="com.mq.testcases.ServiceOrderTC" name="order" time="233.326"/>
  <system-out/>
</testsuite> <!-- com.mq.testcases.ServiceOrderTC -->
