<?xml version="1.0" encoding="UTF-8"?>
<!-- Generated by org.testng.reporters.JUnitReportReporter -->
<testsuite hostname="NavyaN2" failures="0" tests="1" name="com.mq.testcases.LoginTestCase" time="5.621" errors="0" timestamp="2021-11-05T18:59:33 IST" skipped="0">
  <testcase classname="com.mq.testcases.LoginTestCase" name="loginTest" time="5.621"/>
  <system-out/>
</testsuite> <!-- com.mq.testcases.LoginTestCase -->
