<?xml version="1.0" encoding="UTF-8"?>
<!-- Generated by org.testng.reporters.JUnitReportReporter -->
<testsuite hostname="NavyaN2" failures="0" tests="1" name="com.mq.testcases.CustomerRegistration" time="9.575" errors="0" timestamp="2022-01-06T20:18:18 IST" skipped="0">
  <testcase classname="com.mq.testcases.CustomerRegistration" name="CustReg" time="9.575"/>
  <system-out/>
</testsuite> <!-- com.mq.testcases.CustomerRegistration -->
