<?xml version="1.0" encoding="UTF-8"?>
<!-- Generated by org.testng.reporters.JUnitReportReporter -->
<testsuite hostname="NavyaN2" failures="0" tests="1" name="com.mq.testcases.ServiceOrderTC" time="249.105" errors="0" timestamp="2021-11-02T18:12:54 IST" skipped="0">
  <testcase classname="com.mq.testcases.ServiceOrderTC" name="order" time="249.105"/>
  <system-out/>
</testsuite> <!-- com.mq.testcases.ServiceOrderTC -->
