<?xml version="1.0" encoding="UTF-8"?>
<!-- Generated by org.testng.reporters.JUnitReportReporter -->
<testsuite hostname="NavyaN2" failures="0" tests="1" name="com.mq.testcases.LoginTestCase" time="3.742" errors="0" timestamp="2021-11-03T13:14:35 IST" skipped="0">
  <testcase classname="com.mq.testcases.LoginTestCase" name="loginTest" time="3.742"/>
  <system-out/>
</testsuite> <!-- com.mq.testcases.LoginTestCase -->
